app/build/intermediates/manifest_merge_blame_file/release/processReleaseMainManifest/manifest-merger-blame-release-report.txt
1<?xml version="1.0" encoding="utf-8"?>
2<manifest xmlns:android="http://schemas.android.com/apk/res/android"
3    package="com.abandonsearch.hazardgrid"
4    android:versionCode="1"
5    android:versionName="1.0" >
6
7    <uses-sdk
8        android:minSdkVersion="24"
9        android:targetSdkVersion="34" />
10
11    <uses-permission android:name="android.permission.INTERNET" />
11-->src/main/AndroidManifest.xml:4:5-67
11-->src/main/AndroidManifest.xml:4:22-64
12    <uses-permission android:name="android.permission.ACCESS_NETWORK_STATE" />
12-->src/main/AndroidManifest.xml:5:5-79
12-->src/main/AndroidManifest.xml:5:22-76
13    <uses-permission android:name="android.permission.ACCESS_COARSE_LOCATION" />
13-->src/main/AndroidManifest.xml:6:5-81
13-->src/main/AndroidManifest.xml:6:22-78
14    <uses-permission android:name="android.permission.ACCESS_FINE_LOCATION" />
14-->src/main/AndroidManifest.xml:7:5-79
14-->src/main/AndroidManifest.xml:7:22-76
15
16    <permission
16-->[androidx.core:core:1.13.1] AndroidManifest.xml:22:5-24:47
17        android:name="com.abandonsearch.hazardgrid.DYNAMIC_RECEIVER_NOT_EXPORTED_PERMISSION"
17-->[androidx.core:core:1.13.1] AndroidManifest.xml:23:9-81
18        android:protectionLevel="signature" />
18-->[androidx.core:core:1.13.1] AndroidManifest.xml:24:9-44
19
20    <uses-permission android:name="com.abandonsearch.hazardgrid.DYNAMIC_RECEIVER_NOT_EXPORTED_PERMISSION" />
20-->[androidx.core:core:1.13.1] AndroidManifest.xml:26:5-97
20-->[androidx.core:core:1.13.1] AndroidManifest.xml:26:22-94
21
22    <supports-screens
22-->[org.osmdroid:osmdroid-android:6.1.18] AndroidManifest.xml:9:5-12:40
23        android:anyDensity="true"
23-->[org.osmdroid:osmdroid-android:6.1.18] AndroidManifest.xml:10:9-34
24        android:largeScreens="true"
24-->[org.osmdroid:osmdroid-android:6.1.18] AndroidManifest.xml:11:9-36
25        android:normalScreens="true" />
25-->[org.osmdroid:osmdroid-android:6.1.18] AndroidManifest.xml:12:9-37
26
27    <uses-feature
27-->[org.osmdroid:osmdroid-android:6.1.18] AndroidManifest.xml:14:5-16:36
28        android:name="android.hardware.location.network"
28-->[org.osmdroid:osmdroid-android:6.1.18] AndroidManifest.xml:15:9-57
29        android:required="false" />
29-->[org.osmdroid:osmdroid-android:6.1.18] AndroidManifest.xml:16:9-33
30    <uses-feature
30-->[org.osmdroid:osmdroid-android:6.1.18] AndroidManifest.xml:17:5-19:36
31        android:name="android.hardware.location.gps"
31-->[org.osmdroid:osmdroid-android:6.1.18] AndroidManifest.xml:18:9-53
32        android:required="false" />
32-->[org.osmdroid:osmdroid-android:6.1.18] AndroidManifest.xml:19:9-33
33    <uses-feature
33-->[org.osmdroid:osmdroid-android:6.1.18] AndroidManifest.xml:20:5-22:36
34        android:name="android.hardware.telephony"
34-->[org.osmdroid:osmdroid-android:6.1.18] AndroidManifest.xml:21:9-50
35        android:required="false" />
35-->[org.osmdroid:osmdroid-android:6.1.18] AndroidManifest.xml:22:9-33
36    <uses-feature
36-->[org.osmdroid:osmdroid-android:6.1.18] AndroidManifest.xml:23:5-25:36
37        android:name="android.hardware.wifi"
37-->[org.osmdroid:osmdroid-android:6.1.18] AndroidManifest.xml:24:9-45
38        android:required="false" />
38-->[org.osmdroid:osmdroid-android:6.1.18] AndroidManifest.xml:25:9-33
39
40    <application
40-->src/main/AndroidManifest.xml:9:5-31:19
41        android:name="com.abandonsearch.hazardgrid.HazardGridApp"
41-->src/main/AndroidManifest.xml:10:9-38
42        android:allowBackup="true"
42-->src/main/AndroidManifest.xml:11:9-35
43        android:appComponentFactory="androidx.core.app.CoreComponentFactory"
43-->[androidx.core:core:1.13.1] AndroidManifest.xml:28:18-86
44        android:dataExtractionRules="@xml/data_extraction_rules"
44-->src/main/AndroidManifest.xml:12:9-65
45        android:extractNativeLibs="false"
46        android:fullBackupContent="@xml/backup_rules"
46-->src/main/AndroidManifest.xml:13:9-54
47        android:icon="@mipmap/ic_launcher"
47-->src/main/AndroidManifest.xml:14:9-43
48        android:label="@string/app_name"
48-->src/main/AndroidManifest.xml:15:9-41
49        android:roundIcon="@mipmap/ic_launcher_round"
49-->src/main/AndroidManifest.xml:16:9-54
50        android:supportsRtl="true"
50-->src/main/AndroidManifest.xml:17:9-35
51        android:theme="@style/Theme.HazardGrid" >
51-->src/main/AndroidManifest.xml:18:9-48
52        <activity
52-->src/main/AndroidManifest.xml:20:9-30:20
53            android:name="com.abandonsearch.hazardgrid.MainActivity"
53-->src/main/AndroidManifest.xml:21:13-41
54            android:exported="true"
54-->src/main/AndroidManifest.xml:22:13-36
55            android:label="@string/app_name"
55-->src/main/AndroidManifest.xml:23:13-45
56            android:theme="@style/Theme.HazardGrid" >
56-->src/main/AndroidManifest.xml:24:13-52
57            <intent-filter>
57-->src/main/AndroidManifest.xml:25:13-29:29
58                <action android:name="android.intent.action.MAIN" />
58-->src/main/AndroidManifest.xml:26:17-69
58-->src/main/AndroidManifest.xml:26:25-66
59
60                <category android:name="android.intent.category.LAUNCHER" />
60-->src/main/AndroidManifest.xml:28:17-77
60-->src/main/AndroidManifest.xml:28:27-74
61            </intent-filter>
62        </activity>
63        <activity
63-->[com.google.android.gms:play-services-base:18.5.0] AndroidManifest.xml:5:9-173
64            android:name="com.google.android.gms.common.api.GoogleApiActivity"
64-->[com.google.android.gms:play-services-base:18.5.0] AndroidManifest.xml:5:19-85
65            android:exported="false"
65-->[com.google.android.gms:play-services-base:18.5.0] AndroidManifest.xml:5:146-170
66            android:theme="@android:style/Theme.Translucent.NoTitleBar" />
66-->[com.google.android.gms:play-services-base:18.5.0] AndroidManifest.xml:5:86-145
67
68        <meta-data
68-->[com.google.android.gms:play-services-basement:18.4.0] AndroidManifest.xml:6:9-122
69            android:name="com.google.android.gms.version"
69-->[com.google.android.gms:play-services-basement:18.4.0] AndroidManifest.xml:6:20-65
70            android:value="@integer/google_play_services_version" />
70-->[com.google.android.gms:play-services-basement:18.4.0] AndroidManifest.xml:6:66-119
71
72        <provider
72-->[androidx.emoji2:emoji2:1.3.0] AndroidManifest.xml:24:9-32:20
73            android:name="androidx.startup.InitializationProvider"
73-->[androidx.emoji2:emoji2:1.3.0] AndroidManifest.xml:25:13-67
74            android:authorities="com.abandonsearch.hazardgrid.androidx-startup"
74-->[androidx.emoji2:emoji2:1.3.0] AndroidManifest.xml:26:13-68
75            android:exported="false" >
75-->[androidx.emoji2:emoji2:1.3.0] AndroidManifest.xml:27:13-37
76            <meta-data
76-->[androidx.emoji2:emoji2:1.3.0] AndroidManifest.xml:29:13-31:52
77                android:name="androidx.emoji2.text.EmojiCompatInitializer"
77-->[androidx.emoji2:emoji2:1.3.0] AndroidManifest.xml:30:17-75
78                android:value="androidx.startup" />
78-->[androidx.emoji2:emoji2:1.3.0] AndroidManifest.xml:31:17-49
79            <meta-data
79-->[androidx.lifecycle:lifecycle-process:2.8.6] AndroidManifest.xml:29:13-31:52
80                android:name="androidx.lifecycle.ProcessLifecycleInitializer"
80-->[androidx.lifecycle:lifecycle-process:2.8.6] AndroidManifest.xml:30:17-78
81                android:value="androidx.startup" />
81-->[androidx.lifecycle:lifecycle-process:2.8.6] AndroidManifest.xml:31:17-49
82            <meta-data
82-->[androidx.profileinstaller:profileinstaller:1.3.1] AndroidManifest.xml:29:13-31:52
83                android:name="androidx.profileinstaller.ProfileInstallerInitializer"
83-->[androidx.profileinstaller:profileinstaller:1.3.1] AndroidManifest.xml:30:17-85
84                android:value="androidx.startup" />
84-->[androidx.profileinstaller:profileinstaller:1.3.1] AndroidManifest.xml:31:17-49
85        </provider>
86
87        <uses-library
87-->[androidx.window:window:1.0.0] AndroidManifest.xml:25:9-27:40
88            android:name="androidx.window.extensions"
88-->[androidx.window:window:1.0.0] AndroidManifest.xml:26:13-54
89            android:required="false" />
89-->[androidx.window:window:1.0.0] AndroidManifest.xml:27:13-37
90        <uses-library
90-->[androidx.window:window:1.0.0] AndroidManifest.xml:28:9-30:40
91            android:name="androidx.window.sidecar"
91-->[androidx.window:window:1.0.0] AndroidManifest.xml:29:13-51
92            android:required="false" />
92-->[androidx.window:window:1.0.0] AndroidManifest.xml:30:13-37
93
94        <receiver
94-->[androidx.profileinstaller:profileinstaller:1.3.1] AndroidManifest.xml:34:9-52:20
95            android:name="androidx.profileinstaller.ProfileInstallReceiver"
95-->[androidx.profileinstaller:profileinstaller:1.3.1] AndroidManifest.xml:35:13-76
96            android:directBootAware="false"
96-->[androidx.profileinstaller:profileinstaller:1.3.1] AndroidManifest.xml:36:13-44
97            android:enabled="true"
97-->[androidx.profileinstaller:profileinstaller:1.3.1] AndroidManifest.xml:37:13-35
98            android:exported="true"
98-->[androidx.profileinstaller:profileinstaller:1.3.1] AndroidManifest.xml:38:13-36
99            android:permission="android.permission.DUMP" >
99-->[androidx.profileinstaller:profileinstaller:1.3.1] AndroidManifest.xml:39:13-57
100            <intent-filter>
100-->[androidx.profileinstaller:profileinstaller:1.3.1] AndroidManifest.xml:40:13-42:29
101                <action android:name="androidx.profileinstaller.action.INSTALL_PROFILE" />
101-->[androidx.profileinstaller:profileinstaller:1.3.1] AndroidManifest.xml:41:17-91
101-->[androidx.profileinstaller:profileinstaller:1.3.1] AndroidManifest.xml:41:25-88
102            </intent-filter>
103            <intent-filter>
103-->[androidx.profileinstaller:profileinstaller:1.3.1] AndroidManifest.xml:43:13-45:29
104                <action android:name="androidx.profileinstaller.action.SKIP_FILE" />
104-->[androidx.profileinstaller:profileinstaller:1.3.1] AndroidManifest.xml:44:17-85
104-->[androidx.profileinstaller:profileinstaller:1.3.1] AndroidManifest.xml:44:25-82
105            </intent-filter>
106            <intent-filter>
106-->[androidx.profileinstaller:profileinstaller:1.3.1] AndroidManifest.xml:46:13-48:29
107                <action android:name="androidx.profileinstaller.action.SAVE_PROFILE" />
107-->[androidx.profileinstaller:profileinstaller:1.3.1] AndroidManifest.xml:47:17-88
107-->[androidx.profileinstaller:profileinstaller:1.3.1] AndroidManifest.xml:47:25-85
108            </intent-filter>
109            <intent-filter>
109-->[androidx.profileinstaller:profileinstaller:1.3.1] AndroidManifest.xml:49:13-51:29
110                <action android:name="androidx.profileinstaller.action.BENCHMARK_OPERATION" />
110-->[androidx.profileinstaller:profileinstaller:1.3.1] AndroidManifest.xml:50:17-95
110-->[androidx.profileinstaller:profileinstaller:1.3.1] AndroidManifest.xml:50:25-92
111            </intent-filter>
112        </receiver>
113    </application>
114
115</manifest>